2016-11-22 15:30:55  [ main:0 ] - [ INFO ]  Refreshing org.springframework.context.support.ClassPathXmlApplicationContext@7e97d1ff: startup date [Tue Nov 22 15:30:55 CST 2016]; root of context hierarchy
2016-11-22 15:30:55  [ main:36 ] - [ INFO ]  Loading XML bean definitions from class path resource [spring/spring.xml]
2016-11-22 15:32:12  [ main:0 ] - [ INFO ]  Refreshing org.springframework.context.support.ClassPathXmlApplicationContext@334af6e7: startup date [Tue Nov 22 15:32:12 CST 2016]; root of context hierarchy
2016-11-22 15:32:12  [ main:34 ] - [ INFO ]  Loading XML bean definitions from class path resource [spring/spring.xml]
2016-11-22 15:32:13  [ main:194 ] - [ INFO ]  Loading XML bean definitions from class path resource [spring/spring-mybatis.xml]
2016-11-22 15:32:13  [ main:248 ] - [ INFO ]  Loading XML bean definitions from class path resource [spring/spring-redis.xml]
2016-11-22 15:32:13  [ main:272 ] - [ INFO ]  Loading XML bean definitions from class path resource [spring/spring-quartz.xml]
2016-11-22 15:32:13  [ main:436 ] - [ INFO ]  Loading properties file from class path resource [conf/redis.properties]
2016-11-22 15:32:13  [ main:622 ] - [ INFO ]  Loading properties file from file [F:\cmpay\repo\cmpay\pay-service-quartz\target\classes\conf\cron.properties]
2016-11-22 15:32:13  [ main:622 ] - [ INFO ]  Loading properties file from file [F:\cmpay\repo\cmpay\pay-service-quartz\target\classes\conf\jdbc.properties]
2016-11-22 15:32:13  [ main:622 ] - [ INFO ]  Loading properties file from file [F:\cmpay\repo\cmpay\pay-service-quartz\target\classes\conf\quartz.properties]
2016-11-22 15:32:13  [ main:623 ] - [ INFO ]  Loading properties file from file [F:\cmpay\repo\cmpay\pay-service-quartz\target\classes\conf\redis.properties]
2016-11-22 15:32:14  [ main:1232 ] - [ INFO ]  {dataSource-1} inited
2016-11-22 15:32:14  [ main:1903 ] - [ INFO ]  No TaskScheduler/ScheduledExecutorService bean found for scheduled processing
2016-11-22 15:32:30  [ pool-1-thread-1:17125 ] - [ INFO ]  定时任务之微信支付查询任务开始[Tue Nov 22 15:32:30 CST 2016]
2016-11-22 15:32:30  [ pool-1-thread-1:17316 ] - [ INFO ]  订单[1001000020161118101250511]开始查询
2016-11-22 15:32:30  [ pool-1-thread-1:17321 ] - [ INFO ]  微信订单查询xml为[<xml><appid>wxcc48339818804805</appid><mch_id>LiuyajieLiuhongjieLiuyajieLiuhon</mch_id><out_trade_no>1001000020161118101250511</out_trade_no><nonce_str>6b8f512738934047b13db8abcf790cb4</nonce_str><sign>82AAE6B0DD285238F0309800F37AF14E</sign><sign_type>MD5</sign_type></xml>]
2016-11-22 15:32:30  [ pool-1-thread-1:17823 ] - [ INFO ]  微信订单查询返回结果[{return_msg=mch_id参数长度有误, return_code=FAIL}]
2016-11-22 15:32:30  [ pool-1-thread-1:17823 ] - [ INFO ]  查询订单请求微信异常：return_code=FAIL,return_msg=mch_id参数长度有误,err_code=null,err_code_des=null
2016-11-22 15:32:30  [ pool-1-thread-1:17823 ] - [ INFO ]  订单[1001000220161117174454442]开始查询
2016-11-22 15:32:30  [ pool-1-thread-1:17823 ] - [ INFO ]  微信订单查询xml为[<xml><appid>wxcc48339818804805</appid><mch_id>LiuyajieLiuhongjieLiuyajieLiuhon</mch_id><out_trade_no>1001000220161117174454442</out_trade_no><nonce_str>be2100de17b2431dbb4509c058aa9839</nonce_str><sign>F6A362D56637C0237BAC32D0708B4AD8</sign><sign_type>MD5</sign_type></xml>]
2016-11-22 15:32:30  [ pool-1-thread-1:17916 ] - [ INFO ]  微信订单查询返回结果[{return_msg=mch_id参数长度有误, return_code=FAIL}]
2016-11-22 15:32:30  [ pool-1-thread-1:17917 ] - [ INFO ]  查询订单请求微信异常：return_code=FAIL,return_msg=mch_id参数长度有误,err_code=null,err_code_des=null
2016-11-22 15:32:30  [ pool-1-thread-1:17917 ] - [ INFO ]  订单[1001000020161117181251908]开始查询
2016-11-22 15:32:30  [ pool-1-thread-1:17917 ] - [ INFO ]  微信订单查询xml为[<xml><appid>wxcc48339818804805</appid><mch_id>LiuyajieLiuhongjieLiuyajieLiuhon</mch_id><out_trade_no>1001000020161117181251908</out_trade_no><nonce_str>f43eb9c343b44d6ba5719dfafc2c80d8</nonce_str><sign>FAFEA3290A3D243CCF8616D67BE3F088</sign><sign_type>MD5</sign_type></xml>]
2016-11-22 15:32:30  [ pool-1-thread-1:18009 ] - [ INFO ]  微信订单查询返回结果[{return_msg=mch_id参数长度有误, return_code=FAIL}]
2016-11-22 15:32:30  [ pool-1-thread-1:18010 ] - [ INFO ]  查询订单请求微信异常：return_code=FAIL,return_msg=mch_id参数长度有误,err_code=null,err_code_des=null
2016-11-22 15:32:30  [ pool-1-thread-1:18010 ] - [ INFO ]  订单[1001000020161118095201772]开始查询
2016-11-22 15:32:30  [ pool-1-thread-1:18010 ] - [ INFO ]  微信订单查询xml为[<xml><appid>wxcc48339818804805</appid><mch_id>LiuyajieLiuhongjieLiuyajieLiuhon</mch_id><out_trade_no>1001000020161118095201772</out_trade_no><nonce_str>c32cb2e372b744419e7ac42b083853c7</nonce_str><sign>6D4EED74112761E069B05D1EA144E1D1</sign><sign_type>MD5</sign_type></xml>]
2016-11-22 15:32:30  [ pool-1-thread-1:18095 ] - [ INFO ]  微信订单查询返回结果[{return_msg=mch_id参数长度有误, return_code=FAIL}]
2016-11-22 15:32:30  [ pool-1-thread-1:18095 ] - [ INFO ]  查询订单请求微信异常：return_code=FAIL,return_msg=mch_id参数长度有误,err_code=null,err_code_des=null
2016-11-22 15:32:30  [ pool-1-thread-1:18095 ] - [ INFO ]  订单[1001000020161118100835661]开始查询
2016-11-22 15:32:30  [ pool-1-thread-1:18096 ] - [ INFO ]  微信订单查询xml为[<xml><appid>wxcc48339818804805</appid><mch_id>LiuyajieLiuhongjieLiuyajieLiuhon</mch_id><out_trade_no>1001000020161118100835661</out_trade_no><nonce_str>26a404698a094192be8d71c45fdba936</nonce_str><sign>2B7AC4E3A90BF93D61BD69AE695F9596</sign><sign_type>MD5</sign_type></xml>]
2016-11-22 15:32:31  [ pool-1-thread-1:18190 ] - [ INFO ]  微信订单查询返回结果[{return_msg=mch_id参数长度有误, return_code=FAIL}]
2016-11-22 15:32:31  [ pool-1-thread-1:18191 ] - [ INFO ]  查询订单请求微信异常：return_code=FAIL,return_msg=mch_id参数长度有误,err_code=null,err_code_des=null
2016-11-22 15:32:31  [ pool-1-thread-1:18191 ] - [ INFO ]  订单[1001000020161118102056140]开始查询
2016-11-22 15:32:31  [ pool-1-thread-1:18191 ] - [ INFO ]  微信订单查询xml为[<xml><appid>wxcc48339818804805</appid><mch_id>LiuyajieLiuhongjieLiuyajieLiuhon</mch_id><out_trade_no>1001000020161118102056140</out_trade_no><nonce_str>3255147e47de4bb4b4ea63789a32db99</nonce_str><sign>47E86A841DED3FDCC6C7EEA417592CAA</sign><sign_type>MD5</sign_type></xml>]
2016-11-22 15:32:31  [ pool-1-thread-1:18280 ] - [ INFO ]  微信订单查询返回结果[{return_msg=mch_id参数长度有误, return_code=FAIL}]
2016-11-22 15:32:31  [ pool-1-thread-1:18280 ] - [ INFO ]  查询订单请求微信异常：return_code=FAIL,return_msg=mch_id参数长度有误,err_code=null,err_code_des=null
2016-11-22 15:32:31  [ pool-1-thread-1:18280 ] - [ INFO ]  订单[60001001000301000120161117172408302]开始查询
2016-11-22 15:32:31  [ pool-1-thread-1:18281 ] - [ INFO ]  微信订单查询xml为[<xml><appid>wxcc48339818804805</appid><mch_id>LiuyajieLiuhongjieLiuyajieLiuhon</mch_id><out_trade_no>60001001000301000120161117172408302</out_trade_no><nonce_str>d373c0f7f617453fbe49b74925d3d352</nonce_str><sign>FB48C9AFEC58EB0FE4427784DA118A4F</sign><sign_type>MD5</sign_type></xml>]
2016-11-22 15:32:31  [ pool-1-thread-1:18377 ] - [ INFO ]  微信订单查询返回结果[{return_msg=mch_id参数长度有误, return_code=FAIL}]
2016-11-22 15:32:31  [ pool-1-thread-1:18378 ] - [ INFO ]  查询订单请求微信异常：return_code=FAIL,return_msg=mch_id参数长度有误,err_code=null,err_code_des=null
2016-11-22 15:32:31  [ pool-1-thread-1:18378 ] - [ INFO ]  定时任务之微信支付查询任务结束[Tue Nov 22 15:32:31 CST 2016]
2016-11-22 15:36:51  [ main:0 ] - [ INFO ]  Refreshing org.springframework.context.support.ClassPathXmlApplicationContext@334af6e7: startup date [Tue Nov 22 15:36:51 CST 2016]; root of context hierarchy
2016-11-22 15:36:51  [ main:34 ] - [ INFO ]  Loading XML bean definitions from class path resource [spring/spring.xml]
2016-11-22 15:36:51  [ main:198 ] - [ INFO ]  Loading XML bean definitions from class path resource [spring/spring-mybatis.xml]
2016-11-22 15:36:51  [ main:253 ] - [ INFO ]  Loading XML bean definitions from class path resource [spring/spring-redis.xml]
2016-11-22 15:36:51  [ main:278 ] - [ INFO ]  Loading XML bean definitions from class path resource [spring/spring-quartz.xml]
2016-11-22 15:36:51  [ main:435 ] - [ INFO ]  Loading properties file from class path resource [conf/redis.properties]
2016-11-22 15:36:51  [ main:622 ] - [ INFO ]  Loading properties file from file [F:\cmpay\repo\cmpay\pay-service-quartz\target\classes\conf\cron.properties]
2016-11-22 15:36:51  [ main:623 ] - [ INFO ]  Loading properties file from file [F:\cmpay\repo\cmpay\pay-service-quartz\target\classes\conf\jdbc.properties]
2016-11-22 15:36:51  [ main:623 ] - [ INFO ]  Loading properties file from file [F:\cmpay\repo\cmpay\pay-service-quartz\target\classes\conf\quartz.properties]
2016-11-22 15:36:51  [ main:623 ] - [ INFO ]  Loading properties file from file [F:\cmpay\repo\cmpay\pay-service-quartz\target\classes\conf\redis.properties]
2016-11-22 15:36:52  [ main:1213 ] - [ INFO ]  {dataSource-1} inited
2016-11-22 15:36:53  [ main:1891 ] - [ INFO ]  No TaskScheduler/ScheduledExecutorService bean found for scheduled processing
2016-11-22 15:37:00  [ pool-1-thread-1:8872 ] - [ INFO ]  定时任务之微信支付查询任务开始[Tue Nov 22 15:37:00 CST 2016]
2016-11-22 15:37:00  [ pool-1-thread-1:9016 ] - [ INFO ]  订单[1001000020161118101250511]开始查询
2016-11-22 15:37:00  [ pool-1-thread-1:9022 ] - [ INFO ]  微信订单查询xml为[<xml><appid>wxcc48339818804805</appid><mch_id>1351460001</mch_id><out_trade_no>1001000020161118101250511</out_trade_no><nonce_str>661bd17cc4f84f969c8dbf5a21a725a8</nonce_str><sign>BB0D0DA96DA242DAA2A1AEB0C7E38BC0</sign><sign_type>MD5</sign_type></xml>]
2016-11-22 15:37:01  [ pool-1-thread-1:9944 ] - [ INFO ]  微信订单查询返回结果[{result_code=FAIL, sign=82292159F6B1EA513296AF608BA172C3, mch_id=1351460001, err_code=ORDERNOTEXIST, err_code_des=order not exist, return_msg=OK, appid=wxcc48339818804805, nonce_str=IJ2yexLiQlCObYtd, return_code=SUCCESS}]
2016-11-22 15:37:01  [ pool-1-thread-1:9945 ] - [ INFO ]  查询订单支付失败
2016-11-22 15:37:01  [ pool-1-thread-1:9972 ] - [ INFO ]  订单[1001000220161117174454442]开始查询
2016-11-22 15:37:01  [ pool-1-thread-1:9972 ] - [ INFO ]  微信订单查询xml为[<xml><appid>wxcc48339818804805</appid><mch_id>1351460001</mch_id><out_trade_no>1001000220161117174454442</out_trade_no><nonce_str>de99d6d4ae8748a9a971912319c4bb73</nonce_str><sign>8255392FD016E318E1473A199E65ACC3</sign><sign_type>MD5</sign_type></xml>]
2016-11-22 15:37:01  [ pool-1-thread-1:10167 ] - [ INFO ]  微信订单查询返回结果[{result_code=FAIL, sign=262C1968E73002147AA0C9BC51870851, mch_id=1351460001, err_code=ORDERNOTEXIST, err_code_des=order not exist, return_msg=OK, appid=wxcc48339818804805, nonce_str=VXNCGnQdeyKctvYl, return_code=SUCCESS}]
2016-11-22 15:37:01  [ pool-1-thread-1:10167 ] - [ INFO ]  查询订单支付失败
2016-11-22 15:37:01  [ pool-1-thread-1:10179 ] - [ INFO ]  订单[1001000020161117181251908]开始查询
2016-11-22 15:37:01  [ pool-1-thread-1:10179 ] - [ INFO ]  微信订单查询xml为[<xml><appid>wxcc48339818804805</appid><mch_id>1351460001</mch_id><out_trade_no>1001000020161117181251908</out_trade_no><nonce_str>865bc008f39b4c17942c73fdf20170fc</nonce_str><sign>30B5CB75E60D7E694F44BEA17FB3AF7F</sign><sign_type>MD5</sign_type></xml>]
2016-11-22 15:37:01  [ pool-1-thread-1:10374 ] - [ INFO ]  微信订单查询返回结果[{result_code=FAIL, sign=6DCCEF0F51B958448E67144CDC2C6398, mch_id=1351460001, err_code=ORDERNOTEXIST, err_code_des=order not exist, return_msg=OK, appid=wxcc48339818804805, nonce_str=PapsIjRCkYih5F5s, return_code=SUCCESS}]
2016-11-22 15:37:01  [ pool-1-thread-1:10374 ] - [ INFO ]  查询订单支付失败
2016-11-22 15:37:01  [ pool-1-thread-1:10380 ] - [ INFO ]  订单[1001000020161118095201772]开始查询
2016-11-22 15:37:01  [ pool-1-thread-1:10380 ] - [ INFO ]  微信订单查询xml为[<xml><appid>wxcc48339818804805</appid><mch_id>1351460001</mch_id><out_trade_no>1001000020161118095201772</out_trade_no><nonce_str>8121f30e13f24ddd97139b7effcd5869</nonce_str><sign>41A64CA668DA6D3F4840F6BFC3063C77</sign><sign_type>MD5</sign_type></xml>]
2016-11-22 15:37:01  [ pool-1-thread-1:10579 ] - [ INFO ]  微信订单查询返回结果[{result_code=FAIL, sign=7BA9F20263B1751AACB02CD4554B7EC9, mch_id=1351460001, err_code=ORDERNOTEXIST, err_code_des=order not exist, return_msg=OK, appid=wxcc48339818804805, nonce_str=uwmQ1cbTQavf8Y2z, return_code=SUCCESS}]
2016-11-22 15:37:01  [ pool-1-thread-1:10580 ] - [ INFO ]  查询订单支付失败
2016-11-22 15:37:01  [ pool-1-thread-1:10588 ] - [ INFO ]  订单[1001000020161118100835661]开始查询
2016-11-22 15:37:01  [ pool-1-thread-1:10588 ] - [ INFO ]  微信订单查询xml为[<xml><appid>wxcc48339818804805</appid><mch_id>1351460001</mch_id><out_trade_no>1001000020161118100835661</out_trade_no><nonce_str>58fa23093fdf4eaab3b3712ee7ca10aa</nonce_str><sign>BA25EA4A708B048EDDA1F7E41CA9857E</sign><sign_type>MD5</sign_type></xml>]
2016-11-22 15:37:01  [ pool-1-thread-1:10804 ] - [ INFO ]  微信订单查询返回结果[{result_code=FAIL, sign=BDE0A57FDD1C716739A64EEB48A6745C, mch_id=1351460001, err_code=ORDERNOTEXIST, err_code_des=order not exist, return_msg=OK, appid=wxcc48339818804805, nonce_str=Esg0Tz5R4aP8hSGl, return_code=SUCCESS}]
2016-11-22 15:37:01  [ pool-1-thread-1:10805 ] - [ INFO ]  查询订单支付失败
2016-11-22 15:37:01  [ pool-1-thread-1:10812 ] - [ INFO ]  订单[1001000020161118102056140]开始查询
2016-11-22 15:37:01  [ pool-1-thread-1:10813 ] - [ INFO ]  微信订单查询xml为[<xml><appid>wxcc48339818804805</appid><mch_id>1351460001</mch_id><out_trade_no>1001000020161118102056140</out_trade_no><nonce_str>3fb94a6abb22417baf09f1f200289167</nonce_str><sign>3593F01FB2B0C24C5F5894F68D68AE4F</sign><sign_type>MD5</sign_type></xml>]
2016-11-22 15:37:02  [ pool-1-thread-1:11034 ] - [ INFO ]  微信订单查询返回结果[{trade_state=SUCCESS, return_msg=OK, is_subscribe=N, appid=wxcc48339818804805, fee_type=CNY, out_trade_no=1001000020161118102056140, nonce_str=B02ksFNdETZqcZBk, device_info=WEB, transaction_id=4007922001201611180067950298, trade_type=NATIVE, sign=63ACE59299DB1C0F41EC17DB1947568E, result_code=SUCCESS, mch_id=1351460001, attach=, total_fee=10, time_end=20161118102122, openid=o0Hh2w-DJI_TLZH4v3493yEQ1CQQ, return_code=SUCCESS, bank_type=CITIC_CREDIT, cash_fee=10}]
2016-11-22 15:37:02  [ pool-1-thread-1:11034 ] - [ ERROR ]  查询微信订单验证签名失败！！！
2016-11-22 15:37:02  [ pool-1-thread-1:11037 ] - [ INFO ]  订单[60001001000301000120161117172408302]开始查询
2016-11-22 15:37:02  [ pool-1-thread-1:11038 ] - [ INFO ]  微信订单查询xml为[<xml><appid>wxcc48339818804805</appid><mch_id>1351460001</mch_id><out_trade_no>60001001000301000120161117172408302</out_trade_no><nonce_str>05a62e8665094a3eb0161645456a0e75</nonce_str><sign>51F87E6705174BF486022CAB3EA37F67</sign><sign_type>MD5</sign_type></xml>]
2016-11-22 15:37:02  [ pool-1-thread-1:11130 ] - [ INFO ]  微信订单查询返回结果[{return_msg=out_trade_no参数长度有误, return_code=FAIL}]
2016-11-22 15:37:02  [ pool-1-thread-1:11130 ] - [ INFO ]  查询订单请求微信异常：return_code=FAIL,return_msg=out_trade_no参数长度有误,err_code=null,err_code_des=null
2016-11-22 15:37:02  [ pool-1-thread-1:11131 ] - [ INFO ]  定时任务之微信支付查询任务结束[Tue Nov 22 15:37:02 CST 2016]
2016-11-22 15:43:03  [ main:0 ] - [ INFO ]  Refreshing org.springframework.context.support.ClassPathXmlApplicationContext@334af6e7: startup date [Tue Nov 22 15:43:03 CST 2016]; root of context hierarchy
2016-11-22 15:43:03  [ main:34 ] - [ INFO ]  Loading XML bean definitions from class path resource [spring/spring.xml]
2016-11-22 15:43:03  [ main:202 ] - [ INFO ]  Loading XML bean definitions from class path resource [spring/spring-mybatis.xml]
2016-11-22 15:43:03  [ main:258 ] - [ INFO ]  Loading XML bean definitions from class path resource [spring/spring-redis.xml]
2016-11-22 15:43:03  [ main:285 ] - [ INFO ]  Loading XML bean definitions from class path resource [spring/spring-quartz.xml]
2016-11-22 15:43:03  [ main:455 ] - [ INFO ]  Loading properties file from class path resource [conf/redis.properties]
2016-11-22 15:43:03  [ main:643 ] - [ INFO ]  Loading properties file from file [F:\cmpay\repo\cmpay\pay-service-quartz\target\classes\conf\cron.properties]
2016-11-22 15:43:03  [ main:643 ] - [ INFO ]  Loading properties file from file [F:\cmpay\repo\cmpay\pay-service-quartz\target\classes\conf\jdbc.properties]
2016-11-22 15:43:03  [ main:644 ] - [ INFO ]  Loading properties file from file [F:\cmpay\repo\cmpay\pay-service-quartz\target\classes\conf\quartz.properties]
2016-11-22 15:43:03  [ main:644 ] - [ INFO ]  Loading properties file from file [F:\cmpay\repo\cmpay\pay-service-quartz\target\classes\conf\redis.properties]
2016-11-22 15:43:04  [ main:1239 ] - [ INFO ]  {dataSource-1} inited
2016-11-22 15:43:05  [ main:1908 ] - [ INFO ]  No TaskScheduler/ScheduledExecutorService bean found for scheduled processing
2016-11-22 15:43:30  [ pool-1-thread-1:26701 ] - [ INFO ]  定时任务之微信支付查询任务开始[Tue Nov 22 15:43:30 CST 2016]
2016-11-22 15:43:30  [ pool-1-thread-1:26867 ] - [ INFO ]  订单[1001000020161118102056140]开始查询
2016-11-22 15:43:30  [ pool-1-thread-1:26872 ] - [ INFO ]  微信订单查询xml为[<xml><appid>wxcc48339818804805</appid><mch_id>1351460001</mch_id><out_trade_no>1001000020161118102056140</out_trade_no><nonce_str>ee24bd47aeaa43f5bbbda8d17c1a090f</nonce_str><sign>6E06629715CF2E24451D73435B4F28BF</sign><sign_type>MD5</sign_type></xml>]
2016-11-22 15:43:30  [ pool-1-thread-1:27289 ] - [ INFO ]  微信订单查询返回结果[{trade_state=SUCCESS, return_msg=OK, is_subscribe=N, appid=wxcc48339818804805, fee_type=CNY, out_trade_no=1001000020161118102056140, nonce_str=IdcSJ6z7sbSKnVVi, device_info=WEB, transaction_id=4007922001201611180067950298, trade_type=NATIVE, sign=03921A852A6F371AD6E19B9CD73D5293, result_code=SUCCESS, mch_id=1351460001, attach=, total_fee=10, time_end=20161118102122, openid=o0Hh2w-DJI_TLZH4v3493yEQ1CQQ, return_code=SUCCESS, bank_type=CITIC_CREDIT, cash_fee=10}]
2016-11-22 15:43:30  [ pool-1-thread-1:27290 ] - [ ERROR ]  查询微信订单验证签名失败！！！
2016-11-22 15:43:30  [ pool-1-thread-1:27290 ] - [ INFO ]  订单[600010010003010001201611]开始查询
2016-11-22 15:43:30  [ pool-1-thread-1:27290 ] - [ INFO ]  微信订单查询xml为[<xml><appid>wxcc48339818804805</appid><mch_id>1351460001</mch_id><out_trade_no>600010010003010001201611</out_trade_no><nonce_str>b83ffbb490da45c3a64b6087b1294021</nonce_str><sign>A028F660AFBB0FAC8F69F6033C7193D0</sign><sign_type>MD5</sign_type></xml>]
2016-11-22 15:43:30  [ pool-1-thread-1:27498 ] - [ INFO ]  微信订单查询返回结果[{result_code=FAIL, sign=2CF1E54CA89A0C6386AB65721E54B1DF, mch_id=1351460001, err_code=ORDERNOTEXIST, err_code_des=order not exist, return_msg=OK, appid=wxcc48339818804805, nonce_str=KWNSsJJfYWIRsFXZ, return_code=SUCCESS}]
2016-11-22 15:43:30  [ pool-1-thread-1:27498 ] - [ INFO ]  查询订单支付失败
2016-11-22 15:43:30  [ pool-1-thread-1:27530 ] - [ INFO ]  定时任务之微信支付查询任务结束[Tue Nov 22 15:43:30 CST 2016]
2016-11-22 15:55:24  [ main:0 ] - [ INFO ]  Refreshing org.springframework.context.support.ClassPathXmlApplicationContext@334af6e7: startup date [Tue Nov 22 15:55:24 CST 2016]; root of context hierarchy
2016-11-22 15:55:24  [ main:36 ] - [ INFO ]  Loading XML bean definitions from class path resource [spring/spring.xml]
2016-11-22 15:55:24  [ main:205 ] - [ INFO ]  Loading XML bean definitions from class path resource [spring/spring-mybatis.xml]
2016-11-22 15:55:24  [ main:262 ] - [ INFO ]  Loading XML bean definitions from class path resource [spring/spring-redis.xml]
2016-11-22 15:55:24  [ main:287 ] - [ INFO ]  Loading XML bean definitions from class path resource [spring/spring-quartz.xml]
2016-11-22 15:55:25  [ main:451 ] - [ INFO ]  Loading properties file from class path resource [conf/redis.properties]
2016-11-22 15:55:25  [ main:649 ] - [ INFO ]  Loading properties file from file [F:\cmpay\repo\cmpay\pay-service-quartz\target\classes\conf\cron.properties]
2016-11-22 15:55:25  [ main:649 ] - [ INFO ]  Loading properties file from file [F:\cmpay\repo\cmpay\pay-service-quartz\target\classes\conf\jdbc.properties]
2016-11-22 15:55:25  [ main:650 ] - [ INFO ]  Loading properties file from file [F:\cmpay\repo\cmpay\pay-service-quartz\target\classes\conf\quartz.properties]
2016-11-22 15:55:25  [ main:650 ] - [ INFO ]  Loading properties file from file [F:\cmpay\repo\cmpay\pay-service-quartz\target\classes\conf\redis.properties]
2016-11-22 15:55:25  [ main:1256 ] - [ INFO ]  {dataSource-1} inited
2016-11-22 15:55:26  [ main:1942 ] - [ INFO ]  No TaskScheduler/ScheduledExecutorService bean found for scheduled processing
2016-11-22 15:55:30  [ pool-1-thread-1:5453 ] - [ INFO ]  定时任务之微信支付查询任务开始[Tue Nov 22 15:55:30 CST 2016]
2016-11-22 15:55:30  [ pool-1-thread-1:5610 ] - [ INFO ]  订单[1001000020161118173019899]开始查询
2016-11-22 15:55:30  [ pool-1-thread-1:5616 ] - [ INFO ]  微信订单查询xml为[<xml><appid>wxcc48339818804805</appid><mch_id>1351460001</mch_id><out_trade_no>1001000020161118173019899</out_trade_no><nonce_str>a2b012378e3b4c93a5933fddffd133b0</nonce_str><sign>BA69BC4A029DBB55C5E3645E35DA0352</sign><sign_type>MD5</sign_type></xml>]
2016-11-22 15:55:30  [ pool-1-thread-1:6045 ] - [ INFO ]  微信订单查询返回结果[{trade_state=SUCCESS, return_msg=OK, is_subscribe=N, appid=wxcc48339818804805, fee_type=CNY, out_trade_no=1001000020161118173019899, nonce_str=PBw6QAUxO7rYPTWu, device_info=WEB, transaction_id=4007922001201611180109547934, trade_type=NATIVE, sign=616677C44509EFB07187DA4080459300, result_code=SUCCESS, mch_id=1351460001, attach=, total_fee=1, time_end=20161118173044, openid=o0Hh2w-DJI_TLZH4v3493yEQ1CQQ, return_code=SUCCESS, bank_type=CITIC_CREDIT, cash_fee=1}]
2016-11-22 15:55:30  [ pool-1-thread-1:6046 ] - [ ERROR ]  查询微信订单验证签名失败！！！
2016-11-22 15:55:30  [ pool-1-thread-1:6046 ] - [ INFO ]  订单[600010010003010001201611]开始查询
2016-11-22 15:55:30  [ pool-1-thread-1:6046 ] - [ INFO ]  微信订单查询xml为[<xml><appid>wxcc48339818804805</appid><mch_id>1351460001</mch_id><out_trade_no>600010010003010001201611</out_trade_no><nonce_str>938a8570a646459aae56844754e80dc1</nonce_str><sign>8D82E3DAC6A09C7F2BA8008C0DE935F9</sign><sign_type>MD5</sign_type></xml>]
2016-11-22 15:55:30  [ pool-1-thread-1:6240 ] - [ INFO ]  微信订单查询返回结果[{result_code=FAIL, sign=78364B79532D290F6AE18696776727FC, mch_id=1351460001, err_code=ORDERNOTEXIST, err_code_des=order not exist, return_msg=OK, appid=wxcc48339818804805, nonce_str=frUXMUEMB79dpTEg, return_code=SUCCESS}]
2016-11-22 15:55:30  [ pool-1-thread-1:6240 ] - [ INFO ]  查询订单支付失败
2016-11-22 15:55:30  [ pool-1-thread-1:6269 ] - [ INFO ]  定时任务之微信支付查询任务结束[Tue Nov 22 15:55:30 CST 2016]
2016-11-22 15:56:00  [ pool-1-thread-1:35450 ] - [ INFO ]  定时任务之微信支付查询任务开始[Tue Nov 22 15:56:00 CST 2016]
2016-11-22 15:56:00  [ pool-1-thread-1:35460 ] - [ INFO ]  订单[1001000020161118173019899]开始查询
2016-11-22 15:56:00  [ pool-1-thread-1:35461 ] - [ INFO ]  微信订单查询xml为[<xml><appid>wxcc48339818804805</appid><mch_id>1351460001</mch_id><out_trade_no>1001000020161118173019899</out_trade_no><nonce_str>3aa211ec223d4cdfbafdacb021643304</nonce_str><sign>F6637D6E1BAA16832631E53B4B9028BA</sign><sign_type>MD5</sign_type></xml>]
2016-11-22 15:56:00  [ pool-1-thread-1:35676 ] - [ INFO ]  微信订单查询返回结果[{trade_state=SUCCESS, return_msg=OK, is_subscribe=N, appid=wxcc48339818804805, fee_type=CNY, out_trade_no=1001000020161118173019899, nonce_str=LNcPjgVddE7YFGIL, device_info=WEB, transaction_id=4007922001201611180109547934, trade_type=NATIVE, sign=23CB4BE73C2E5433B56DF6AD8FF35EF7, result_code=SUCCESS, mch_id=1351460001, attach=, total_fee=1, time_end=20161118173044, openid=o0Hh2w-DJI_TLZH4v3493yEQ1CQQ, return_code=SUCCESS, bank_type=CITIC_CREDIT, cash_fee=1}]
2016-11-22 15:56:00  [ pool-1-thread-1:35676 ] - [ ERROR ]  查询微信订单验证签名失败！！！
2016-11-22 15:56:00  [ pool-1-thread-1:35677 ] - [ INFO ]  定时任务之微信支付查询任务结束[Tue Nov 22 15:56:00 CST 2016]
2016-11-22 15:56:30  [ pool-1-thread-1:65451 ] - [ INFO ]  定时任务之微信支付查询任务开始[Tue Nov 22 15:56:30 CST 2016]
2016-11-22 15:56:30  [ pool-1-thread-1:65460 ] - [ INFO ]  订单[1001000020161118173019899]开始查询
2016-11-22 15:56:30  [ pool-1-thread-1:65461 ] - [ INFO ]  微信订单查询xml为[<xml><appid>wxcc48339818804805</appid><mch_id>1351460001</mch_id><out_trade_no>1001000020161118173019899</out_trade_no><nonce_str>65de404433da4996bc7461d0b06a136d</nonce_str><sign>82E51259743E462067D26610AF9FDBB9</sign><sign_type>MD5</sign_type></xml>]
2016-11-22 15:56:30  [ pool-1-thread-1:65746 ] - [ INFO ]  微信订单查询返回结果[{trade_state=SUCCESS, return_msg=OK, is_subscribe=N, appid=wxcc48339818804805, fee_type=CNY, out_trade_no=1001000020161118173019899, nonce_str=pG2ThYCULQwBcFwu, device_info=WEB, transaction_id=4007922001201611180109547934, trade_type=NATIVE, sign=7F3E7C58BE46221DF9606C09C2F8E032, result_code=SUCCESS, mch_id=1351460001, attach=, total_fee=1, time_end=20161118173044, openid=o0Hh2w-DJI_TLZH4v3493yEQ1CQQ, return_code=SUCCESS, bank_type=CITIC_CREDIT, cash_fee=1}]
2016-11-22 15:56:30  [ pool-1-thread-1:65747 ] - [ ERROR ]  查询微信订单验证签名失败！！！
2016-11-22 15:56:30  [ pool-1-thread-1:65747 ] - [ INFO ]  定时任务之微信支付查询任务结束[Tue Nov 22 15:56:30 CST 2016]
2016-11-22 15:57:00  [ pool-1-thread-1:95451 ] - [ INFO ]  定时任务之微信支付查询任务开始[Tue Nov 22 15:57:00 CST 2016]
2016-11-22 15:57:00  [ pool-1-thread-1:95460 ] - [ INFO ]  订单[1001000020161118173019899]开始查询
2016-11-22 15:57:00  [ pool-1-thread-1:95460 ] - [ INFO ]  微信订单查询xml为[<xml><appid>wxcc48339818804805</appid><mch_id>1351460001</mch_id><out_trade_no>1001000020161118173019899</out_trade_no><nonce_str>0112164672d341d0bdb9dc82aa17bc4f</nonce_str><sign>BC64D2F2D88B95AC20D357B111B6AC4C</sign><sign_type>MD5</sign_type></xml>]
2016-11-22 15:57:00  [ pool-1-thread-1:95699 ] - [ INFO ]  微信订单查询返回结果[{trade_state=SUCCESS, return_msg=OK, is_subscribe=N, appid=wxcc48339818804805, fee_type=CNY, out_trade_no=1001000020161118173019899, nonce_str=DKdRRX3xFJ3cwtdV, device_info=WEB, transaction_id=4007922001201611180109547934, trade_type=NATIVE, sign=099728E1FE17EC871A915D71EA070C37, result_code=SUCCESS, mch_id=1351460001, attach=, total_fee=1, time_end=20161118173044, openid=o0Hh2w-DJI_TLZH4v3493yEQ1CQQ, return_code=SUCCESS, bank_type=CITIC_CREDIT, cash_fee=1}]
2016-11-22 15:57:00  [ pool-1-thread-1:95700 ] - [ ERROR ]  查询微信订单验证签名失败！！！
2016-11-22 15:57:00  [ pool-1-thread-1:95700 ] - [ INFO ]  定时任务之微信支付查询任务结束[Tue Nov 22 15:57:00 CST 2016]
2016-11-22 16:01:25  [ main:0 ] - [ INFO ]  Refreshing org.springframework.context.support.ClassPathXmlApplicationContext@2018aa27: startup date [Tue Nov 22 16:01:25 CST 2016]; root of context hierarchy
2016-11-22 16:01:25  [ main:33 ] - [ INFO ]  Loading XML bean definitions from class path resource [spring/spring.xml]
2016-11-22 16:01:25  [ main:194 ] - [ INFO ]  Loading XML bean definitions from class path resource [spring/spring-mybatis.xml]
2016-11-22 16:01:25  [ main:249 ] - [ INFO ]  Loading XML bean definitions from class path resource [spring/spring-redis.xml]
2016-11-22 16:01:25  [ main:274 ] - [ INFO ]  Loading XML bean definitions from class path resource [spring/spring-quartz.xml]
2016-11-22 16:01:26  [ main:434 ] - [ INFO ]  Loading properties file from class path resource [conf/redis.properties]
2016-11-22 16:01:26  [ main:630 ] - [ INFO ]  Loading properties file from file [F:\cmpay\repo\cmpay\pay-service-quartz\target\classes\conf\cron.properties]
2016-11-22 16:01:26  [ main:631 ] - [ INFO ]  Loading properties file from file [F:\cmpay\repo\cmpay\pay-service-quartz\target\classes\conf\jdbc.properties]
2016-11-22 16:01:26  [ main:631 ] - [ INFO ]  Loading properties file from file [F:\cmpay\repo\cmpay\pay-service-quartz\target\classes\conf\quartz.properties]
2016-11-22 16:01:26  [ main:632 ] - [ INFO ]  Loading properties file from file [F:\cmpay\repo\cmpay\pay-service-quartz\target\classes\conf\redis.properties]
2016-11-22 16:01:26  [ main:1231 ] - [ INFO ]  {dataSource-1} inited
2016-11-22 16:01:27  [ main:1910 ] - [ INFO ]  No TaskScheduler/ScheduledExecutorService bean found for scheduled processing
2016-11-22 16:01:30  [ pool-1-thread-1:4389 ] - [ INFO ]  定时任务之微信支付查询任务开始[Tue Nov 22 16:01:30 CST 2016]
2016-11-22 16:01:30  [ pool-1-thread-1:4525 ] - [ INFO ]  订单[1001000020161118173019899]开始查询
2016-11-22 16:01:30  [ pool-1-thread-1:4532 ] - [ INFO ]  微信订单查询xml为[<xml><appid>wxcc48339818804805</appid><mch_id>1351460001</mch_id><out_trade_no>1001000020161118173019899</out_trade_no><nonce_str>82287e45b2634d0580a94e748d8a3037</nonce_str><sign>B329397B147AB88023377DF2BD8F86F2</sign><sign_type>MD5</sign_type></xml>]
2016-11-22 16:01:30  [ pool-1-thread-1:4938 ] - [ INFO ]  微信订单查询返回结果[{trade_state=SUCCESS, return_msg=OK, is_subscribe=N, appid=wxcc48339818804805, fee_type=CNY, out_trade_no=1001000020161118173019899, nonce_str=lmwgQr0U4VoCsiNn, device_info=WEB, transaction_id=4007922001201611180109547934, trade_type=NATIVE, sign=E117DD7FC09B5D5E1E2F5038A251820E, result_code=SUCCESS, mch_id=1351460001, attach=, total_fee=1, time_end=20161118173044, openid=o0Hh2w-DJI_TLZH4v3493yEQ1CQQ, return_code=SUCCESS, bank_type=CITIC_CREDIT, cash_fee=1}]
2016-11-22 16:01:30  [ pool-1-thread-1:4939 ] - [ ERROR ]  查询微信订单验证签名失败！！！
2016-11-22 16:01:30  [ pool-1-thread-1:4940 ] - [ INFO ]  定时任务之微信支付查询任务结束[Tue Nov 22 16:01:30 CST 2016]
2016-11-22 16:03:37  [ main:0 ] - [ INFO ]  Refreshing org.springframework.context.support.ClassPathXmlApplicationContext@334af6e7: startup date [Tue Nov 22 16:03:37 CST 2016]; root of context hierarchy
2016-11-22 16:03:37  [ main:35 ] - [ INFO ]  Loading XML bean definitions from class path resource [spring/spring.xml]
2016-11-22 16:03:37  [ main:198 ] - [ INFO ]  Loading XML bean definitions from class path resource [spring/spring-mybatis.xml]
2016-11-22 16:03:37  [ main:252 ] - [ INFO ]  Loading XML bean definitions from class path resource [spring/spring-redis.xml]
2016-11-22 16:03:37  [ main:277 ] - [ INFO ]  Loading XML bean definitions from class path resource [spring/spring-quartz.xml]
2016-11-22 16:03:38  [ main:440 ] - [ INFO ]  Loading properties file from class path resource [conf/redis.properties]
2016-11-22 16:03:38  [ main:626 ] - [ INFO ]  Loading properties file from file [F:\cmpay\repo\cmpay\pay-service-quartz\target\classes\conf\cron.properties]
2016-11-22 16:03:38  [ main:626 ] - [ INFO ]  Loading properties file from file [F:\cmpay\repo\cmpay\pay-service-quartz\target\classes\conf\jdbc.properties]
2016-11-22 16:03:38  [ main:627 ] - [ INFO ]  Loading properties file from file [F:\cmpay\repo\cmpay\pay-service-quartz\target\classes\conf\quartz.properties]
2016-11-22 16:03:38  [ main:627 ] - [ INFO ]  Loading properties file from file [F:\cmpay\repo\cmpay\pay-service-quartz\target\classes\conf\redis.properties]
2016-11-22 16:03:38  [ main:1209 ] - [ INFO ]  {dataSource-1} inited
2016-11-22 16:03:39  [ main:1878 ] - [ INFO ]  No TaskScheduler/ScheduledExecutorService bean found for scheduled processing
2016-11-22 16:04:00  [ pool-1-thread-1:22405 ] - [ INFO ]  定时任务之微信支付查询任务开始[Tue Nov 22 16:04:00 CST 2016]
2016-11-22 16:04:00  [ pool-1-thread-1:22526 ] - [ INFO ]  订单[1001000020161118173019899]开始查询
2016-11-22 16:04:00  [ pool-1-thread-1:22532 ] - [ INFO ]  微信订单查询xml为[<xml><appid>wxcc48339818804805</appid><mch_id>1351460001</mch_id><out_trade_no>1001000020161118173019899</out_trade_no><nonce_str>5c8109285ef7460cb0ddfa09ca3c0158</nonce_str><sign>A6B7DE09C54B21DA69CD0F8F8C5B82F0</sign><sign_type>MD5</sign_type></xml>]
2016-11-22 16:04:00  [ pool-1-thread-1:22980 ] - [ INFO ]  微信订单查询返回结果[{trade_state=SUCCESS, return_msg=OK, is_subscribe=N, appid=wxcc48339818804805, fee_type=CNY, out_trade_no=1001000020161118173019899, nonce_str=LCovQjcZyVH2eVAH, device_info=WEB, transaction_id=4007922001201611180109547934, trade_type=NATIVE, sign=2608E4B97C619E7BB5D5D00EA01B3AB0, result_code=SUCCESS, mch_id=1351460001, attach=, total_fee=1, time_end=20161118173044, openid=o0Hh2w-DJI_TLZH4v3493yEQ1CQQ, return_code=SUCCESS, bank_type=CITIC_CREDIT, cash_fee=1}]
2016-11-22 16:04:00  [ pool-1-thread-1:22982 ] - [ INFO ]  查询订单支付成功
2016-11-22 16:04:00  [ pool-1-thread-1:23012 ] - [ INFO ]  定时任务之微信支付查询任务结束[Tue Nov 22 16:04:00 CST 2016]
2016-11-22 16:04:30  [ pool-1-thread-1:52401 ] - [ INFO ]  定时任务之微信支付查询任务开始[Tue Nov 22 16:04:30 CST 2016]
2016-11-22 16:04:30  [ pool-1-thread-1:52405 ] - [ ERROR ]  Unexpected error occurred in scheduled task.
java.lang.IndexOutOfBoundsException: Index: 0, Size: 0
	at java.util.ArrayList.rangeCheck(Unknown Source)
	at java.util.ArrayList.get(Unknown Source)
	at com.cmpay.weixin.service.impl.PaymentServiceImpl.QueryWXOrder(PaymentServiceImpl.java:337)
	at com.cmpay.service.quartz.scheduler.WeixinTask.wxOrderQuery(WeixinTask.java:39)
	at sun.reflect.NativeMethodAccessorImpl.invoke0(Native Method)
	at sun.reflect.NativeMethodAccessorImpl.invoke(Unknown Source)
	at sun.reflect.DelegatingMethodAccessorImpl.invoke(Unknown Source)
	at java.lang.reflect.Method.invoke(Unknown Source)
	at org.springframework.scheduling.support.ScheduledMethodRunnable.run(ScheduledMethodRunnable.java:65)
	at org.springframework.scheduling.support.DelegatingErrorHandlingRunnable.run(DelegatingErrorHandlingRunnable.java:54)
	at org.springframework.scheduling.concurrent.ReschedulingRunnable.run(ReschedulingRunnable.java:81)
	at java.util.concurrent.Executors$RunnableAdapter.call(Unknown Source)
	at java.util.concurrent.FutureTask.run(Unknown Source)
	at java.util.concurrent.ScheduledThreadPoolExecutor$ScheduledFutureTask.access$201(Unknown Source)
	at java.util.concurrent.ScheduledThreadPoolExecutor$ScheduledFutureTask.run(Unknown Source)
	at java.util.concurrent.ThreadPoolExecutor.runWorker(Unknown Source)
	at java.util.concurrent.ThreadPoolExecutor$Worker.run(Unknown Source)
	at java.lang.Thread.run(Unknown Source)
2016-11-22 16:05:00  [ pool-1-thread-1:82403 ] - [ INFO ]  定时任务之微信支付查询任务开始[Tue Nov 22 16:05:00 CST 2016]
2016-11-22 16:05:00  [ pool-1-thread-1:82408 ] - [ ERROR ]  Unexpected error occurred in scheduled task.
java.lang.IndexOutOfBoundsException: Index: 0, Size: 0
	at java.util.ArrayList.rangeCheck(Unknown Source)
	at java.util.ArrayList.get(Unknown Source)
	at com.cmpay.weixin.service.impl.PaymentServiceImpl.QueryWXOrder(PaymentServiceImpl.java:337)
	at com.cmpay.service.quartz.scheduler.WeixinTask.wxOrderQuery(WeixinTask.java:39)
	at sun.reflect.NativeMethodAccessorImpl.invoke0(Native Method)
	at sun.reflect.NativeMethodAccessorImpl.invoke(Unknown Source)
	at sun.reflect.DelegatingMethodAccessorImpl.invoke(Unknown Source)
	at java.lang.reflect.Method.invoke(Unknown Source)
	at org.springframework.scheduling.support.ScheduledMethodRunnable.run(ScheduledMethodRunnable.java:65)
	at org.springframework.scheduling.support.DelegatingErrorHandlingRunnable.run(DelegatingErrorHandlingRunnable.java:54)
	at org.springframework.scheduling.concurrent.ReschedulingRunnable.run(ReschedulingRunnable.java:81)
	at java.util.concurrent.Executors$RunnableAdapter.call(Unknown Source)
	at java.util.concurrent.FutureTask.run(Unknown Source)
	at java.util.concurrent.ScheduledThreadPoolExecutor$ScheduledFutureTask.access$201(Unknown Source)
	at java.util.concurrent.ScheduledThreadPoolExecutor$ScheduledFutureTask.run(Unknown Source)
	at java.util.concurrent.ThreadPoolExecutor.runWorker(Unknown Source)
	at java.util.concurrent.ThreadPoolExecutor$Worker.run(Unknown Source)
	at java.lang.Thread.run(Unknown Source)
2016-11-22 16:08:15  [ main:0 ] - [ INFO ]  Refreshing org.springframework.context.support.ClassPathXmlApplicationContext@334af6e7: startup date [Tue Nov 22 16:08:15 CST 2016]; root of context hierarchy
2016-11-22 16:08:15  [ main:35 ] - [ INFO ]  Loading XML bean definitions from class path resource [spring/spring.xml]
2016-11-22 16:08:16  [ main:196 ] - [ INFO ]  Loading XML bean definitions from class path resource [spring/spring-mybatis.xml]
2016-11-22 16:08:16  [ main:250 ] - [ INFO ]  Loading XML bean definitions from class path resource [spring/spring-redis.xml]
2016-11-22 16:08:16  [ main:276 ] - [ INFO ]  Loading XML bean definitions from class path resource [spring/spring-quartz.xml]
2016-11-22 16:08:16  [ main:435 ] - [ INFO ]  Loading properties file from class path resource [conf/redis.properties]
2016-11-22 16:08:16  [ main:618 ] - [ INFO ]  Loading properties file from file [F:\cmpay\repo\cmpay\pay-service-quartz\target\classes\conf\cron.properties]
2016-11-22 16:08:16  [ main:619 ] - [ INFO ]  Loading properties file from file [F:\cmpay\repo\cmpay\pay-service-quartz\target\classes\conf\jdbc.properties]
2016-11-22 16:08:16  [ main:619 ] - [ INFO ]  Loading properties file from file [F:\cmpay\repo\cmpay\pay-service-quartz\target\classes\conf\quartz.properties]
2016-11-22 16:08:16  [ main:619 ] - [ INFO ]  Loading properties file from file [F:\cmpay\repo\cmpay\pay-service-quartz\target\classes\conf\redis.properties]
2016-11-22 16:08:17  [ main:1207 ] - [ INFO ]  {dataSource-1} inited
2016-11-22 16:08:17  [ main:1870 ] - [ INFO ]  No TaskScheduler/ScheduledExecutorService bean found for scheduled processing
2016-11-22 16:08:30  [ pool-1-thread-1:14104 ] - [ INFO ]  定时任务之微信支付查询任务开始[Tue Nov 22 16:08:30 CST 2016]
2016-11-22 16:08:30  [ pool-1-thread-1:14255 ] - [ INFO ]  没有处理中的订单
2016-11-22 16:08:30  [ pool-1-thread-1:14255 ] - [ INFO ]  定时任务之微信支付查询任务结束[Tue Nov 22 16:08:30 CST 2016]
